TN:
SF:src/app/lib/db.ts
FNF:0
FNH:0
DA:1,1
DA:2,1
DA:3,1
DA:4,1
DA:5,1
DA:6,1
DA:7,1
DA:8,1
LF:8
LH:8
BRDA:6,0,0,1
BRF:1
BRH:1
end_of_record
TN:
SF:src/app/lib/actions/counter.ts
FN:6,callNextCustomer
FNF:1
FNH:1
FNDA:3,callNextCustomer
DA:1,1
DA:2,1
DA:3,1
DA:4,1
DA:5,1
DA:6,1
DA:7,3
DA:8,3
DA:9,3
DA:10,3
DA:11,3
DA:12,1
DA:13,1
DA:14,3
DA:15,2
DA:16,2
DA:17,2
DA:18,2
DA:19,2
DA:20,2
DA:21,2
DA:22,2
DA:23,2
DA:24,2
DA:25,2
DA:26,2
DA:27,2
DA:28,3
LF:28
LH:28
BRDA:6,0,0,3
BRDA:12,1,0,1
BRDA:14,2,0,2
BRDA:18,3,0,1
BRDA:18,4,0,1
BRDA:24,5,0,1
BRDA:25,6,0,1
BRF:7
BRH:7
end_of_record
TN:
SF:src/app/lib/controllers/counter.controller.ts
FN:7,CounterController
FN:11,callNextCustomer
FNF:2
FNH:2
FNDA:4,CounterController
FNDA:3,callNextCustomer
DA:1,1
DA:2,1
DA:3,1
DA:4,1
DA:5,1
DA:6,1
DA:7,1
DA:8,4
DA:9,4
DA:10,1
DA:11,1
DA:12,3
DA:13,3
DA:14,1
DA:15,1
DA:16,2
DA:17,2
DA:18,2
DA:19,2
DA:20,2
DA:21,3
DA:22,1
LF:22
LH:22
BRDA:7,0,0,4
BRDA:11,1,0,3
BRDA:13,2,0,1
BRDA:16,3,0,2
BRF:4
BRH:4
end_of_record
TN:
SF:src/app/lib/repositories/counter.repository.ts
FN:5,findById
FNF:1
FNH:0
FNDA:0,findById
DA:1,1
DA:2,1
DA:3,1
DA:4,1
DA:5,1
DA:6,0
DA:7,0
DA:8,0
DA:9,0
DA:10,0
DA:11,0
DA:12,0
DA:13,0
DA:14,0
DA:15,0
DA:16,0
DA:17,0
DA:18,0
DA:19,0
DA:20,0
DA:21,0
DA:22,0
DA:23,1
LF:23
LH:6
BRF:0
BRH:0
end_of_record
TN:
SF:src/app/lib/repositories/tickets.repository.ts
FN:5,createTicket
FN:29,markTicketAsServed
FN:79,getNextTicketInQueue
FN:107,assignTicketToCounter
FNF:4
FNH:2
FNDA:0,createTicket
FNDA:0,markTicketAsServed
FNDA:3,getNextTicketInQueue
FNDA:3,assignTicketToCounter
DA:1,1
DA:2,1
DA:3,1
DA:4,1
DA:5,1
DA:6,0
DA:7,0
DA:8,0
DA:9,0
DA:10,0
DA:11,0
DA:12,0
DA:13,0
DA:14,0
DA:15,0
DA:16,0
DA:17,0
DA:18,0
DA:19,0
DA:20,0
DA:21,0
DA:22,0
DA:23,0
DA:24,0
DA:25,0
DA:26,0
DA:27,0
DA:28,1
DA:29,1
DA:30,0
DA:31,0
DA:32,0
DA:33,0
DA:34,0
DA:35,0
DA:36,0
DA:37,0
DA:38,0
DA:39,0
DA:40,0
DA:41,0
DA:42,0
DA:43,0
DA:44,0
DA:45,0
DA:46,0
DA:47,0
DA:48,0
DA:49,0
DA:50,0
DA:51,0
DA:52,0
DA:53,0
DA:54,0
DA:55,0
DA:56,0
DA:57,0
DA:58,0
DA:59,0
DA:60,0
DA:61,0
DA:62,0
DA:63,0
DA:64,0
DA:65,0
DA:66,0
DA:67,0
DA:68,0
DA:69,0
DA:70,0
DA:71,0
DA:72,0
DA:73,0
DA:74,0
DA:75,0
DA:76,0
DA:77,0
DA:78,1
DA:79,1
DA:80,3
DA:81,3
DA:82,3
DA:83,3
DA:84,3
DA:85,3
DA:86,3
DA:87,3
DA:88,2
DA:89,3
DA:90,1
DA:91,1
DA:92,1
DA:93,1
DA:94,1
DA:95,1
DA:96,1
DA:97,1
DA:98,3
DA:99,3
DA:100,3
DA:101,3
DA:102,3
DA:103,1
DA:104,1
DA:105,3
DA:106,1
DA:107,1
DA:108,3
DA:109,3
DA:110,3
DA:111,3
DA:112,3
DA:113,3
DA:114,3
DA:115,3
DA:116,2
DA:117,3
DA:118,1
DA:119,1
DA:120,1
DA:121,1
DA:122,1
DA:123,1
DA:124,1
DA:125,1
DA:126,1
DA:127,1
DA:128,1
DA:129,1
DA:130,1
DA:131,1
DA:132,1
DA:133,1
DA:134,1
DA:135,1
DA:136,1
DA:137,1
DA:138,1
DA:139,1
DA:140,3
DA:141,2
DA:142,2
DA:143,3
DA:144,1
LF:144
LH:74
BRDA:79,0,0,3
BRDA:88,1,0,2
BRDA:89,2,0,1
BRDA:98,3,0,0
BRDA:99,4,0,1
BRDA:102,5,0,1
BRDA:107,6,0,3
BRDA:116,7,0,2
BRDA:117,8,0,1
BRDA:140,9,0,2
BRF:10
BRH:9
end_of_record
TN:
SF:src/app/lib/services/counter.service.ts
FN:9,CounterService
FN:14,callNextCustomer
FNF:2
FNH:2
FNDA:3,CounterService
FNDA:3,callNextCustomer
DA:1,1
DA:2,1
DA:3,1
DA:4,1
DA:5,1
DA:6,1
DA:7,1
DA:8,1
DA:9,1
DA:10,3
DA:11,3
DA:12,3
DA:13,1
DA:14,1
DA:15,3
DA:16,3
DA:17,1
DA:18,1
DA:19,2
DA:20,2
DA:21,2
DA:22,2
DA:23,2
DA:24,2
DA:25,0
DA:26,0
DA:27,0
DA:28,0
DA:29,0
DA:30,0
DA:31,0
DA:32,0
DA:33,0
DA:34,0
DA:35,0
DA:36,0
DA:37,0
DA:38,0
DA:39,0
DA:40,0
DA:41,0
DA:42,0
DA:43,0
DA:44,0
DA:45,0
DA:46,0
DA:47,0
DA:48,0
DA:49,3
DA:50,3
DA:51,3
DA:52,3
DA:53,1
LF:53
LH:29
BRDA:9,0,0,3
BRDA:14,1,0,3
BRDA:16,2,0,1
BRDA:19,3,0,2
BRDA:25,4,0,0
BRF:5
BRH:4
end_of_record
